Running php-build composer
WARNING! Your password will be stored unencrypted in /home/runner/.docker/config.json.
Configure a credential helper to remove this warning. See
https://docs.docker.com/engine/reference/commandline/login/#credentials-store

Login Succeeded
Pulling docker.pkg.github.com/ctmobi/wubtitle-wordpress-plugin/php-actions_composer_wubtitle-wordpress-plugin:php-7.4-build2
php-7.4-build2: Pulling from ctmobi/wubtitle-wordpress-plugin/php-actions_composer_wubtitle-wordpress-plugin
596ba82af5aa: Pulling fs layer
af74f285bb27: Pulling fs layer
2ab8440e5667: Pulling fs layer
64889fa545ec: Pulling fs layer
f807504c7162: Pulling fs layer
3950d3df66cb: Pulling fs layer
64889fa545ec: Waiting
f807504c7162: Waiting
09a3aba4cdc0: Pulling fs layer
177ad834d54f: Pulling fs layer
9356474b59db: Pulling fs layer
e9cab5988275: Pulling fs layer
177ad834d54f: Waiting
9356474b59db: Waiting
3950d3df66cb: Waiting
e9cab5988275: Waiting
09a3aba4cdc0: Waiting
af74f285bb27: Verifying Checksum
af74f285bb27: Download complete
2ab8440e5667: Verifying Checksum
2ab8440e5667: Download complete
596ba82af5aa: Verifying Checksum
596ba82af5aa: Download complete
596ba82af5aa: Pull complete
64889fa545ec: Verifying Checksum
64889fa545ec: Download complete
af74f285bb27: Pull complete
2ab8440e5667: Pull complete
64889fa545ec: Pull complete
3950d3df66cb: Verifying Checksum
3950d3df66cb: Download complete
f807504c7162: Verifying Checksum
f807504c7162: Download complete
f807504c7162: Pull complete
09a3aba4cdc0: Verifying Checksum
09a3aba4cdc0: Download complete
177ad834d54f: Verifying Checksum
177ad834d54f: Download complete
3950d3df66cb: Pull complete
9356474b59db: Verifying Checksum
9356474b59db: Download complete
e9cab5988275: Verifying Checksum
e9cab5988275: Download complete
09a3aba4cdc0: Pull complete
177ad834d54f: Pull complete
9356474b59db: Pull complete
e9cab5988275: Pull complete
Digest: sha256:9b36491c20827f119921f86ecf0a31842822e17e1d04e11f289aad18ffef7a03
Status: Downloaded newer image for docker.pkg.github.com/ctmobi/wubtitle-wordpress-plugin/php-actions_composer_wubtitle-wordpress-plugin:php-7.4-build2
docker.pkg.github.com/ctmobi/wubtitle-wordpress-plugin/php-actions_composer_wubtitle-wordpress-plugin:php-7.4-build2
Docker tag: docker.pkg.github.com/ctmobi/wubtitle-wordpress-plugin/php-actions_composer_wubtitle-wordpress-plugin:php-7.4-build2
No private keys supplied
Command: composer install --no-progress --no-interaction --prefer-dist --no-interaction
Skipping env variable PWD
Skipping env variable HOME
Skipping env variable SHLVL
Skipping env variable PATH
Running php-build composer
WARNING! Your password will be stored unencrypted in /home/runner/.docker/config.json.
Configure a credential helper to remove this warning. See
https://docs.docker.com/engine/reference/commandline/login/#credentials-store

Login Succeeded
Pulling docker.pkg.github.com/ctmobi/wubtitle-wordpress-plugin/php-actions_composer_wubtitle-wordpress-plugin:php-7.4-build2
php-7.4-build2: Pulling from ctmobi/wubtitle-wordpress-plugin/php-actions_composer_wubtitle-wordpress-plugin
Digest: sha256:9b36491c20827f119921f86ecf0a31842822e17e1d04e11f289aad18ffef7a03
Status: Image is up to date for docker.pkg.github.com/ctmobi/wubtitle-wordpress-plugin/php-actions_composer_wubtitle-wordpress-plugin:php-7.4-build2
docker.pkg.github.com/ctmobi/wubtitle-wordpress-plugin/php-actions_composer_wubtitle-wordpress-plugin:php-7.4-build2
Docker tag: docker.pkg.github.com/ctmobi/wubtitle-wordpress-plugin/php-actions_composer_wubtitle-wordpress-plugin:php-7.4-build2
No private keys supplied
Command: composer install --no-progress --no-interaction --no-dev --prefer-dist --no-interaction
Skipping env variable PWD
Skipping env variable HOME
Skipping env variable SHLVL
Skipping env variable PATH
